Arguments: 
  /usr/local/Cellar/node/15.3.0/bin/node /usr/local/Cellar/yarn/1.22.10/libexec/bin/yarn.js install

PATH: 
  /Users/jonradchenko/.local/bin:/Users/jonradchenko/.krew/bin:/usr/local/bin:/usr/bin:/bin:/usr/sbin:/sbin:/Applications/domino:/usr/local/go/bin:/Users/jonradchenko/scripts

Yarn version: 
  1.22.10

Node version: 
  15.3.0

Platform: 
  darwin x64

Trace: 
  SyntaxError: /Users/jonradchenko/projects/dockerfile-builder/packages/vscode/package.json: Unexpected token } in JSON at position 1712
      at JSON.parse (<anonymous>)
      at /usr/local/Cellar/yarn/1.22.10/libexec/lib/cli.js:1625:59
      at Generator.next (<anonymous>)
      at step (/usr/local/Cellar/yarn/1.22.10/libexec/lib/cli.js:310:30)
      at /usr/local/Cellar/yarn/1.22.10/libexec/lib/cli.js:321:13

npm manifest: 
  {
    "private": true,
    "name": "dockerfile-builder",
    "workspaces": [
      "packages/lib",
      "packages/console",
      "packages/vscode"
    ],
    "devDependencies": {
      "typescript": "^4.1.2"
    },
    "scripts": {
      "build-lib": "yarn workspace dockerfile-builder-lib run build",
      "build-console": "yarn workspace dockerfile-builder run build",
      "build-vscode": "yarn workspace dockerfile-builder-vscode run build",
      "build": "yarn workspaces run build",
      "console": "yarn run build-lib && yarn run build-console && node ./packages/console/build/src/index.js",
      "build-image": "docker build . -f console.Dockerfile -t jonrad/dockerfile-builder:latest",
      "watch-vscode": "yarn workspace dockerfile-builder-vscode run watch",
      "watch-lib": "yarn workspace dockerfile-builder-lib run watch"
    }
  }

yarn manifest: 
  No manifest

Lockfile: 
  No lockfile
